<?xml version="1.0" encoding="UTF-8"?>
<!-- Generated by org.testng.reporters.JUnitReportReporter -->
<testsuite hostname="LIN34003062" failures="0" tests="2" name="TestNGPackage.ThirdTestNGclass" time="0.015" errors="0" timestamp="2021-08-16T12:37:01 IST" skipped="0">
  <testcase classname="TestNGPackage.ThirdTestNGclass" name="mobilecarloan" time="0.002"/>
  <system-out/>
  <testcase classname="TestNGPackage.ThirdTestNGclass" name="Webcarlon" time="0.013"/>
  <system-out/>
</testsuite> <!-- TestNGPackage.ThirdTestNGclass -->
