<?xml version="1.0" encoding="UTF-8"?>
<!-- Generated by org.testng.reporters.JUnitReportReporter -->
<testsuite hostname="LIN34003062" failures="0" tests="2" name="TestNGPackage.SecondTestNGclass" time="0.003" errors="0" timestamp="2021-08-16T12:37:01 IST" skipped="1">
  <testcase classname="TestNGPackage.SecondTestNGclass" name="test4" time="0.003"/>
  <system-out/>
  <testcase classname="TestNGPackage.SecondTestNGclass" name="test3">
    <skipped/>
  </testcase> <!-- test3 -->
  <system-out/>
</testsuite> <!-- TestNGPackage.SecondTestNGclass -->
