<?xml version="1.0" encoding="UTF-8"?>
<!-- Generated by org.testng.reporters.JUnitReportReporter -->
<testsuite hostname="LIN34003062" failures="0" tests="2" name="TestNGPackage.firstTestNGclass" time="0.007" errors="0" timestamp="2021-08-16T12:37:01 IST" skipped="0">
  <testcase classname="TestNGPackage.firstTestNGclass" name="test1" time="0.004"/>
  <system-out/>
  <testcase classname="TestNGPackage.firstTestNGclass" name="test2" time="0.003"/>
  <system-out/>
</testsuite> <!-- TestNGPackage.firstTestNGclass -->
