<?xml version="1.0" encoding="UTF-8"?>
<!-- Generated by org.testng.reporters.JUnitReportReporter -->
<testsuite hostname="LIN34003062" failures="0" tests="2" name="MavenPackage.SeleniumTest" time="0.001" errors="0" timestamp="2021-08-16T16:29:38 IST" skipped="0">
  <testcase classname="MavenPackage.SeleniumTest" name="Elements" time="0.001"/>
  <system-out/>
  <testcase classname="MavenPackage.SeleniumTest" name="BrowserAutomation" time="0.000"/>
  <system-out/>
</testsuite> <!-- MavenPackage.SeleniumTest -->
