<?xml version="1.0" encoding="UTF-8"?>
<!-- Generated by org.testng.reporters.JUnitReportReporter -->
<testsuite hostname="LIN34003062" failures="0" tests="2" name="MavenPackage.classAppiumTest" time="0.005" errors="0" timestamp="2021-08-16T16:29:38 IST" skipped="0">
  <testcase classname="MavenPackage.classAppiumTest" name="NativeAPP" time="0.000"/>
  <system-out/>
  <testcase classname="MavenPackage.classAppiumTest" name="IOSAPP" time="0.005"/>
  <system-out/>
</testsuite> <!-- MavenPackage.classAppiumTest -->
