<?xml version="1.0" encoding="UTF-8" ?>
<testsuite tests="4" failures="0" name="TestSuite" time="0.011" errors="0" skipped="0">
  <properties>
    <property name="java.runtime.name" value="OpenJDK Runtime Environment"/>
    <property name="java.vm.version" value="12+33"/>
    <property name="sun.boot.library.path" value="C:\Program Files\OpenJDK12\bin"/>
    <property name="maven.multiModuleProjectDirectory" value="C:\Users\shmounik.CORP\Selenium\eclipse-WorkSpace\MavenDemoPractice"/>
    <property name="java.vm.vendor" value="Oracle Corporation"/>
    <property name="java.vendor.url" value="https://java.oracle.com/"/>
    <property name="guice.disable.misplaced.annotation.check" value="true"/>
    <property name="path.separator" value=";"/>
    <property name="java.vm.name" value="OpenJDK 64-Bit Server VM"/>
    <property name="sun.os.patch.level" value=""/>
    <property name="user.script" value=""/>
    <property name="user.country" value="US"/>
    <property name="sun.java.launcher" value="SUN_STANDARD"/>
    <property name="java.vm.specification.name" value="Java Virtual Machine Specification"/>
    <property name="user.dir" value="C:\Users\shmounik.CORP\Selenium\eclipse-WorkSpace\MavenDemoPractice"/>
    <property name="java.vm.compressedOopsMode" value="32-bit"/>
    <property name="java.runtime.version" value="12+33"/>
    <property name="java.awt.graphicsenv" value="sun.awt.Win32GraphicsEnvironment"/>
    <property name="os.arch" value="amd64"/>
    <property name="java.io.tmpdir" value="C:\Users\SHMOUN~1.COR\AppData\Local\Temp\"/>
    <property name="line.separator" value="
"/>
    <property name="java.vm.specification.vendor" value="Oracle Corporation"/>
    <property name="user.variant" value=""/>
    <property name="os.name" value="Windows 10"/>
    <property name="classworlds.conf" value="C:\Users\shmounik.CORP\Selenium\eclipse-WorkSpace\.metadata\.plugins\org.eclipse.m2e.launching\launches\m2conf595622283706780339.tmp"/>
    <property name="sun.jnu.encoding" value="Cp1252"/>
    <property name="java.library.path" value="C:\Program Files\OpenJDK12\bin;C:\WINDOWS\Sun\Java\bin;C:\WINDOWS\system32;C:\WINDOWS;C:/Program Files/OpenJDK12/Bin/server;C:/Program Files/OpenJDK12/Bin;C:\Program Files (x86)\RSA SecurID Token Common;C:\Program Files\RSA SecurID Token Common;C:\Python38\Scripts\;C:\Python38\;C:\WINDOWS\system32;C:\WINDOWS;C:\WINDOWS\System32\Wbem;C:\WINDOWS\System32\WindowsPowerShell\v1.0\;C:\WINDOWS\System32\OpenSSH\;C:\Program Files\OpenJDK12\Bin;C:\Program Files\Java\jdk-14.0.1\bin;C:\Program Files (x86)\Java\jre1.8.0_251\bin;C:\Users\shmounik\AppData\Local\Programs\Python\Python38-32\Scripts;C:\Users\shmounik\AppData\Local\Programs\Python\Python38-32;C:\Program Files\nodejs\;C:\ProgramData\chocolatey\bin;C:\Users\shmounik\AppData\Local\Android\Sdk\platform-tools;C:\Users\shmounik\AppData\Local\Android\Sdk\platforms;C:\Users\shmounik\AppData\Local\Android\Sdk\tools;C:\Users\shmounik\AppData\Local\Android\Sdk;C:\Users\shmounik\AppData\Local\Android\Sdk\platform-tools\adb.exe;C:\Users\shmounik\apache-maven-3.6.3\bin;C:\Users\shmounik\AppData\Local\Android\Sdk\tools\bin;C:\Program Files\nodejs\node_modules\npm\bin;C:\Users\shmounik.CORP\AppData\Local\Microsoft\WindowsApps;C:\Users\shmounik.CORP\AppData\Local\Programs\Git\cmd;C:\Users\shmounik\eclipse\jee-2020-03\eclipse;;."/>
    <property name="jdk.debug" value="release"/>
    <property name="java.class.version" value="56.0"/>
    <property name="java.specification.name" value="Java Platform API Specification"/>
    <property name="sun.management.compiler" value="HotSpot 64-Bit Tiered Compilers"/>
    <property name="os.version" value="10.0"/>
    <property name="user.home" value="C:\Users\shmounik.CORP"/>
    <property name="user.timezone" value="Asia/Calcutta"/>
    <property name="file.encoding" value="Cp1252"/>
    <property name="java.specification.version" value="12"/>
    <property name="user.name" value="shmounik"/>
    <property name="java.class.path" value="C:\Users\shmounik\.p2\pool\plugins\org.eclipse.m2e.maven.runtime_1.15.0.20200310-1832\jars\plexus-classworlds-2.6.0.jar"/>
    <property name="java.vm.specification.version" value="12"/>
    <property name="sun.arch.data.model" value="64"/>
    <property name="sun.java.command" value="org.codehaus.plexus.classworlds.launcher.Launcher -B test"/>
    <property name="java.home" value="C:\Program Files\OpenJDK12"/>
    <property name="user.language" value="en"/>
    <property name="java.specification.vendor" value="Oracle Corporation"/>
    <property name="awt.toolkit" value="sun.awt.windows.WToolkit"/>
    <property name="java.vm.info" value="mixed mode, sharing"/>
    <property name="java.version" value="12"/>
    <property name="java.vendor" value="Oracle Corporation"/>
    <property name="maven.home" value="C:\Users\shmounik.CORP\Selenium\eclipse-WorkSpace\MavenDemoPractice\EMBEDDED"/>
    <property name="file.separator" value="\"/>
    <property name="java.version.date" value="2019-03-19"/>
    <property name="java.vendor.url.bug" value="https://bugreport.java.com/bugreport/"/>
    <property name="sun.io.unicode.encoding" value="UnicodeLittle"/>
    <property name="sun.cpu.endian" value="little"/>
    <property name="sun.desktop" value="windows"/>
    <property name="sun.cpu.isalist" value="amd64"/>
  </properties>
  <testcase classname="MavenPackage.classAppiumTest" name="IOSAPP" time="0.01"/>
  <testcase classname="MavenPackage.classAppiumTest" name="NativeAPP" time="0.001"/>
  <testcase classname="MavenPackage.SeleniumTest" name="BrowserAutomation" time="0"/>
  <testcase classname="MavenPackage.SeleniumTest" name="Elements" time="0"/>
</testsuite>